<?xml version="1.0" encoding="UTF-8"?>
<testsuite name="com.techcorp.model.PositionTest" tests="3" skipped="0" failures="0" errors="0" timestamp="2025-10-04T14:31:39.182Z" hostname="penguin" time="0.005">
  <properties/>
  <testcase name="Enum zachowuje kolejność deklaracji" classname="com.techcorp.model.PositionTest" time="0.002"/>
  <testcase name="Poziomy hierarchii rosną w dół struktury" classname="com.techcorp.model.PositionTest" time="0.001"/>
  <testcase name="Bazowe pensje są zgodne ze specyfikacją" classname="com.techcorp.model.PositionTest" time="0.001"/>
  <system-out><![CDATA[]]></system-out>
  <system-err><![CDATA[]]></system-err>
</testsuite>
