<?xml version="1.0" encoding="UTF-8"?>
<testsuite name="com.techcorp.model.EmployeeTest$ToStringContract" tests="1" skipped="0" failures="0" errors="0" timestamp="2025-10-04T14:31:39.166Z" hostname="penguin" time="0.012">
  <properties/>
  <testcase name="toStringContainsKeyFields()" classname="com.techcorp.model.EmployeeTest$ToStringContract" time="0.012"/>
  <system-out><![CDATA[]]></system-out>
  <system-err><![CDATA[]]></system-err>
</testsuite>
