<?xml version="1.0" encoding="UTF-8"?>
<testsuite name="com.techcorp.model.EmployeeTest$ToStringContract" tests="1" skipped="0" failures="0" errors="0" timestamp="2025-10-03T09:16:50.287Z" hostname="penguin" time="0.009">
  <properties/>
  <testcase name="toStringContainsKeyFields()" classname="com.techcorp.model.EmployeeTest$ToStringContract" time="0.009"/>
  <system-out><![CDATA[]]></system-out>
  <system-err><![CDATA[]]></system-err>
</testsuite>
